0 info it worked if it ends with ok
1 verbose cli [ '/home/comandeer/.nvm/versions/node/v6.4.0/bin/node',
1 verbose cli   '/home/comandeer/.nvm/versions/node/v6.4.0/bin/npm',
1 verbose cli   'run',
1 verbose cli   'build' ]
2 info using npm@3.10.3
3 info using node@v6.4.0
4 verbose run-script [ 'prebuild', 'build', 'postbuild' ]
5 info lifecycle SiteBuilder@0.0.0~prebuild: SiteBuilder@0.0.0
6 silly lifecycle SiteBuilder@0.0.0~prebuild: no script for prebuild, continuing
7 info lifecycle SiteBuilder@0.0.0~build: SiteBuilder@0.0.0
8 verbose lifecycle SiteBuilder@0.0.0~build: unsafe-perm in lifecycle true
9 verbose lifecycle SiteBuilder@0.0.0~build: PATH: /home/comandeer/.nvm/versions/node/v6.4.0/lib/node_modules/npm/bin/node-gyp-bin:/home/comandeer/repos/domowa/comandeers-homepage/node_modules/.bin:/home/comandeer/.nvm/versions/node/v6.4.0/bin:/home/comandeer/.nvm/versions/node/v6.4.0/bin:/usr/local/sbin:/usr/local/bin:/usr/sbin:/usr/bin:/sbin:/bin:/usr/games:/usr/local/games:/snap/bin:/usr/lib/jvm/java-8-oracle/bin:/usr/lib/jvm/java-8-oracle/db/bin:/usr/lib/jvm/java-8-oracle/jre/bin
10 verbose lifecycle SiteBuilder@0.0.0~build: CWD: /home/comandeer/repos/domowa/comandeers-homepage
11 silly lifecycle SiteBuilder@0.0.0~build: Args: [ '-c', 'grunt dist' ]
12 silly lifecycle SiteBuilder@0.0.0~build: Returned: code: 3  signal: null
13 info lifecycle SiteBuilder@0.0.0~build: Failed to exec build script
14 verbose stack Error: SiteBuilder@0.0.0 build: `grunt dist`
14 verbose stack Exit status 3
14 verbose stack     at EventEmitter.<anonymous> (/home/comandeer/.nvm/versions/node/v6.4.0/lib/node_modules/npm/lib/utils/lifecycle.js:242:16)
14 verbose stack     at emitTwo (events.js:106:13)
14 verbose stack     at EventEmitter.emit (events.js:191:7)
14 verbose stack     at ChildProcess.<anonymous> (/home/comandeer/.nvm/versions/node/v6.4.0/lib/node_modules/npm/lib/utils/spawn.js:40:14)
14 verbose stack     at emitTwo (events.js:106:13)
14 verbose stack     at ChildProcess.emit (events.js:191:7)
14 verbose stack     at maybeClose (internal/child_process.js:852:16)
14 verbose stack     at Process.ChildProcess._handle.onexit (internal/child_process.js:215:5)
15 verbose pkgid SiteBuilder@0.0.0
16 verbose cwd /home/comandeer/repos/domowa/comandeers-homepage
17 error Linux 4.4.0-36-generic
18 error argv "/home/comandeer/.nvm/versions/node/v6.4.0/bin/node" "/home/comandeer/.nvm/versions/node/v6.4.0/bin/npm" "run" "build"
19 error node v6.4.0
20 error npm  v3.10.3
21 error code ELIFECYCLE
22 error SiteBuilder@0.0.0 build: `grunt dist`
22 error Exit status 3
23 error Failed at the SiteBuilder@0.0.0 build script 'grunt dist'.
23 error Make sure you have the latest version of node.js and npm installed.
23 error If you do, this is most likely a problem with the SiteBuilder package,
23 error not with npm itself.
23 error Tell the author that this fails on your system:
23 error     grunt dist
23 error You can get information on how to open an issue for this project with:
23 error     npm bugs SiteBuilder
23 error Or if that isn't available, you can get their info via:
23 error     npm owner ls SiteBuilder
23 error There is likely additional logging output above.
24 verbose exit [ 1, true ]
